<?xml version="1.0" encoding="UTF-8"?>
<testng-results ignored="0" total="1" passed="1" failed="0" skipped="0">
  <reporter-output>
  </reporter-output>
  <suite started-at="2023-05-28T00:19:10Z" name="Default suite" finished-at="2023-05-28T00:19:17Z" duration-ms="7348">
    <groups>
    </groups>
    <test started-at="2023-05-28T00:19:10Z" name="Default test" finished-at="2023-05-28T00:19:17Z" duration-ms="7348">
      <class name="com.app.one.SampleTwo">
        <test-method signature="test1()[pri:0, instance:com.app.one.SampleTwo@6986852]" started-at="2023-05-28T05:49:10Z" name="test1" finished-at="2023-05-28T05:49:17Z" duration-ms="7284" status="PASS">
          <reporter-output>
          </reporter-output>
        </test-method> <!-- test1 -->
      </class> <!-- com.app.one.SampleTwo -->
    </test> <!-- Default test -->
  </suite> <!-- Default suite -->
</testng-results>
